<?xml version="1.0" encoding="UTF-8"?>
<!-- Generated by org.testng.reporters.JUnitReportReporter -->
<testsuite skipped="1" hostname="LAPTOP-DPFBDDPG" name="demo1.TestSelenium1" tests="2" failures="0" timestamp="2020-06-02T11:12:32 IDT" time="18.653" errors="0">
  <testcase name="test1" time="18.653" classname="demo1.TestSelenium1"/>
  <testcase name="test2" classname="demo1.TestSelenium1">
    <skipped/>
  </testcase> <!-- test2 -->
</testsuite> <!-- demo1.TestSelenium1 -->
