<?xml version="1.0" encoding="UTF-8"?>
<!-- Generated by org.testng.reporters.JUnitReportReporter -->
<testsuite skipped="0" hostname="LAPTOP-DPFBDDPG" name="test.TestSelenium1" tests="1" failures="0" timestamp="2020-06-02T17:33:38 IDT" time="12.587" errors="0">
  <testcase name="register" time="12.587" classname="test.TestSelenium1"/>
</testsuite> <!-- test.TestSelenium1 -->
