<?xml version="1.0" encoding="UTF-8"?>
<!-- Generated by org.testng.reporters.JUnitReportReporter -->
<testsuite skipped="0" hostname="LAPTOP-DPFBDDPG" name="demo1.TestSelenium2" tests="1" failures="0" timestamp="2020-06-02T09:47:52 IDT" time="16.420" errors="0">
  <testcase name="test3" time="16.420" classname="demo1.TestSelenium2"/>
</testsuite> <!-- demo1.TestSelenium2 -->
