<?xml version="1.0" encoding="UTF-8"?>
<!-- Generated by org.testng.reporters.JUnitReportReporter -->
<testsuite skipped="3" hostname="LAPTOP-DPFBDDPG" name="test.TestPageObject1" tests="5" failures="0" timestamp="2020-06-05T16:05:10 IDT" time="14.789" errors="0">
  <testcase name="searchLocalTime" time="8.517" classname="test.TestPageObject1"/>
  <testcase name="log_sample" time="6.272" classname="test.TestPageObject1"/>
  <testcase name="printDP" classname="test.TestPageObject1">
    <skipped/>
  </testcase> <!-- printDP -->
  <testcase name="searchLocalTimeDP" classname="test.TestPageObject1">
    <skipped/>
  </testcase> <!-- searchLocalTimeDP -->
  <testcase name="register" classname="test.TestPageObject1">
    <skipped/>
  </testcase> <!-- register -->
</testsuite> <!-- test.TestPageObject1 -->
