<?xml version="1.0" encoding="UTF-8"?>
<!-- Generated by org.testng.reporters.JUnitReportReporter -->
<testsuite skipped="4" hostname="LAPTOP-DPFBDDPG" name="test.TestPageObject" tests="5" failures="0" timestamp="2020-06-07T16:06:34 IDT" time="7.214" errors="0">
  <testcase name="searchLocalTime" time="7.214" classname="test.TestPageObject"/>
  <testcase name="searchLocalTimeDP" classname="test.TestPageObject">
    <skipped/>
  </testcase> <!-- searchLocalTimeDP -->
  <testcase name="printDP" classname="test.TestPageObject">
    <skipped/>
  </testcase> <!-- printDP -->
  <testcase name="addImageToReportExample" classname="test.TestPageObject">
    <skipped/>
  </testcase> <!-- addImageToReportExample -->
  <testcase name="register" classname="test.TestPageObject">
    <skipped/>
  </testcase> <!-- register -->
</testsuite> <!-- test.TestPageObject -->
